# JRE version: OpenJDK Runtime Environment Corretto-16.0.2.7.1 (16.0.2+7) (build 16.0.2+7)
# Java VM: OpenJDK 64-Bit Server VM Corretto-16.0.2.7.1 (16.0.2+7, mixed mode, sharing, tiered, compressed oops, compressed class ptrs, g1 gc, windows-amd64)
GC Precious Log:
 CPUs: 8 total, 8 available
 Memory: 16251M
 Large Page Support: Disabled
 NUMA Support: Disabled
 Compressed Oops: Enabled (Zero based)
 Heap Region Size: 2M
 Heap Min Capacity: 8M
 Heap Initial Capacity: 254M
 Heap Max Capacity: 4064M
 Pre-touch: Disabled
 Parallel Workers: 8
 Concurrent Workers: 2
 Concurrent Refinement Workers: 8
 Periodic GC: Disabled
Heap:
 garbage-first heap   total 260096K, used 89157K [0x0000000702000000, 0x0000000800000000)
  region size 2048K, 3 young (6144K), 3 survivors (6144K)
 Metaspace       used 856K, committed 1024K, reserved 1056768K
  class space    used 56K, committed 128K, reserved 1048576K
GC Heap History (9 events):
Event: 0.248 GC heap before
{Heap before GC invocations=0 (full 0):
 garbage-first heap   total 260096K, used 22528K [0x0000000702000000, 0x0000000800000000)
  region size 2048K, 11 young (22528K), 0 survivors (0K)
 Metaspace       used 834K, committed 960K, reserved 1056768K
  class space    used 56K, committed 128K, reserved 1048576K
}
Event: 0.256 GC heap after
{Heap after GC invocations=1 (full 0):
 garbage-first heap   total 260096K, used 13625K [0x0000000702000000, 0x0000000800000000)
  region size 2048K, 2 young (4096K), 2 survivors (4096K)
 Metaspace       used 834K, committed 960K, reserved 1056768K
  class space    used 56K, committed 128K, reserved 1048576K
}
Event: 0.275 GC heap before
{Heap before GC invocations=1 (full 0):
 garbage-first heap   total 260096K, used 25913K [0x0000000702000000, 0x0000000800000000)
  region size 2048K, 8 young (16384K), 2 survivors (4096K)
 Metaspace       used 842K, committed 960K, reserved 1056768K
  class space    used 56K, committed 128K, reserved 1048576K
}
Event: 0.282 GC heap after
{Heap after GC invocations=2 (full 0):
 garbage-first heap   total 260096K, used 22509K [0x0000000702000000, 0x0000000800000000)
  region size 2048K, 1 young (2048K), 1 survivors (2048K)
 Metaspace       used 842K, committed 960K, reserved 1056768K
  class space    used 56K, committed 128K, reserved 1048576K
}
Event: 0.301 GC heap before
{Heap before GC invocations=2 (full 0):
 garbage-first heap   total 260096K, used 47085K [0x0000000702000000, 0x0000000800000000)
  region size 2048K, 13 young (26624K), 1 survivors (2048K)
 Metaspace       used 856K, committed 1024K, reserved 1056768K
  class space    used 56K, committed 128K, reserved 1048576K
}
Event: 0.315 GC heap after
{Heap after GC invocations=3 (full 0):
 garbage-first heap   total 260096K, used 38771K [0x0000000702000000, 0x0000000800000000)
  region size 2048K, 2 young (4096K), 2 survivors (4096K)
 Metaspace       used 856K, committed 1024K, reserved 1056768K
  class space    used 56K, committed 128K, reserved 1048576K
}
Event: 0.335 GC heap before
{Heap before GC invocations=3 (full 0):
 garbage-first heap   total 260096K, used 69491K [0x0000000702000000, 0x0000000800000000)
  region size 2048K, 17 young (34816K), 2 survivors (4096K)
 Metaspace       used 856K, committed 1024K, reserved 1056768K
  class space    used 56K, committed 128K, reserved 1048576K
}
Event: 0.346 GC heap after
{Heap after GC invocations=4 (full 0):
 garbage-first heap   total 260096K, used 59812K [0x0000000702000000, 0x0000000800000000)
  region size 2048K, 3 young (6144K), 3 survivors (6144K)
 Metaspace       used 856K, committed 1024K, reserved 1056768K
  class space    used 56K, committed 128K, reserved 1048576K
}
Event: 0.382 GC heap before
{Heap before GC invocations=4 (full 0):
 garbage-first heap   total 260096K, used 102820K [0x0000000702000000, 0x0000000800000000)
  region size 2048K, 24 young (49152K), 3 survivors (6144K)
 Metaspace       used 856K, committed 1024K, reserved 1056768K
  class space    used 56K, committed 128K, reserved 1048576K
}

